<?xml version="1.0" encoding="UTF-8"?>
<!-- Generated by org.testng.reporters.JUnitXMLReporter -->
<testsuite hostname="sai-PC" name="Default test" tests="4" failures="0" timestamp="6 Dec 2019 12:20:17 GMT" time="0.134" errors="0">
  <testcase name="@BeforeTest beforeTest" time="0.0" classname="dec5.Usingdatadriver_webdriver">
    <failure type="org.testng.TestNGException" message="
Parameter &amp;apos;browser&amp;apos; is required by @Configuration on method beforeTest but has not been marked @Optional or defined
in C:\Users\sai\AppData\Local\Temp\testng-eclipse-692649792\testng-customsuite.xml">
      <![CDATA[org.testng.TestNGException: 
Parameter 'browser' is required by @Configuration on method beforeTest but has not been marked @Optional or defined
in C:\Users\sai\AppData\Local\Temp\testng-eclipse-692649792\testng-customsuite.xml
	at org.testng.internal.Parameters.createParameters(Parameters.java:156)
	at org.testng.internal.Parameters.createParameters(Parameters.java:370)
	at org.testng.internal.Parameters.createConfigurationParameters(Parameters.java:86)
	at org.testng.internal.Invoker.invokeConfigurations(Invoker.java:202)
	at org.testng.internal.Invoker.invokeConfigurations(Invoker.java:143)
	at org.testng.TestRunner.beforeRun(TestRunner.java:631)
	at org.testng.TestRunner.run(TestRunner.java:599)
	at org.testng.SuiteRunner.runTest(SuiteRunner.java:368)
	at org.testng.SuiteRunner.runSequentially(SuiteRunner.java:363)
	at org.testng.SuiteRunner.privateRun(SuiteRunner.java:321)
	at org.testng.SuiteRunner.run(SuiteRunner.java:270)
	at org.testng.SuiteRunnerWorker.runSuite(SuiteRunnerWorker.java:52)
	at org.testng.SuiteRunnerWorker.run(SuiteRunnerWorker.java:86)
	at org.testng.TestNG.runSuitesSequentially(TestNG.java:1284)
	at org.testng.TestNG.runSuitesLocally(TestNG.java:1209)
	at org.testng.TestNG.runSuites(TestNG.java:1124)
	at org.testng.TestNG.run(TestNG.java:1096)
	at org.testng.remote.AbstractRemoteTestNG.run(AbstractRemoteTestNG.java:132)
	at org.testng.remote.RemoteTestNG.initAndRun(RemoteTestNG.java:236)
	at org.testng.remote.RemoteTestNG.main(RemoteTestNG.java:81)
]]>
    </failure>
  </testcase> <!-- @BeforeTest beforeTest -->
  <testcase name="@AfterTest afterTest" time="0.0" classname="dec5.Usingdatadriver_webdriver">
    <skipped/>
  </testcase> <!-- @AfterTest afterTest -->
  <testcase name="verifyLogin" time="0.016" classname="dec5.Usingdatadriver_webdriver">
    <skipped/>
  </testcase> <!-- verifyLogin -->
  <testcase name="verifyLogin" time="0.008" classname="dec5.Usingdatadriver_webdriver">
    <skipped/>
  </testcase> <!-- verifyLogin -->
  <testcase name="verifyLogin" time="0.004" classname="dec5.Usingdatadriver_webdriver">
    <skipped/>
  </testcase> <!-- verifyLogin -->
  <testcase name="verifyLogin" time="0.005" classname="dec5.Usingdatadriver_webdriver">
    <skipped/>
  </testcase> <!-- verifyLogin -->
</testsuite> <!-- Default test -->
