<?xml version="1.0" encoding="UTF-8"?>
<testng-results skipped="4" failed="0" total="4" passed="0">
  <reporter-output>
  </reporter-output>
  <suite name="Default suite" duration-ms="134" started-at="2019-12-06T12:20:17Z" finished-at="2019-12-06T12:20:17Z">
    <groups>
    </groups>
    <test name="Default test" duration-ms="134" started-at="2019-12-06T12:20:17Z" finished-at="2019-12-06T12:20:17Z">
      <class name="dec5.Usingdatadriver_webdriver">
        <test-method status="FAIL" signature="beforeTest(java.lang.String)[pri:0, instance:dec5.Usingdatadriver_webdriver@2b98378d]" name="beforeTest" is-config="true" duration-ms="0" started-at="2019-12-06T17:50:17Z" finished-at="2019-12-06T17:50:17Z">
          <exception class="org.testng.TestNGException">
            <message>
              <![CDATA[
Parameter 'browser' is required by @Configuration on method beforeTest but has not been marked @Optional or defined
in C:\Users\sai\AppData\Local\Temp\testng-eclipse-692649792\testng-customsuite.xml]]>
            </message>
            <full-stacktrace>
              <![CDATA[org.testng.TestNGException: 
Parameter 'browser' is required by @Configuration on method beforeTest but has not been marked @Optional or defined
in C:\Users\sai\AppData\Local\Temp\testng-eclipse-692649792\testng-customsuite.xml
	at org.testng.internal.Parameters.createParameters(Parameters.java:156)
	at org.testng.internal.Parameters.createParameters(Parameters.java:370)
	at org.testng.internal.Parameters.createConfigurationParameters(Parameters.java:86)
	at org.testng.internal.Invoker.invokeConfigurations(Invoker.java:202)
	at org.testng.internal.Invoker.invokeConfigurations(Invoker.java:143)
	at org.testng.TestRunner.beforeRun(TestRunner.java:631)
	at org.testng.TestRunner.run(TestRunner.java:599)
	at org.testng.SuiteRunner.runTest(SuiteRunner.java:368)
	at org.testng.SuiteRunner.runSequentially(SuiteRunner.java:363)
	at org.testng.SuiteRunner.privateRun(SuiteRunner.java:321)
	at org.testng.SuiteRunner.run(SuiteRunner.java:270)
	at org.testng.SuiteRunnerWorker.runSuite(SuiteRunnerWorker.java:52)
	at org.testng.SuiteRunnerWorker.run(SuiteRunnerWorker.java:86)
	at org.testng.TestNG.runSuitesSequentially(TestNG.java:1284)
	at org.testng.TestNG.runSuitesLocally(TestNG.java:1209)
	at org.testng.TestNG.runSuites(TestNG.java:1124)
	at org.testng.TestNG.run(TestNG.java:1096)
	at org.testng.remote.AbstractRemoteTestNG.run(AbstractRemoteTestNG.java:132)
	at org.testng.remote.RemoteTestNG.initAndRun(RemoteTestNG.java:236)
	at org.testng.remote.RemoteTestNG.main(RemoteTestNG.java:81)
]]>
            </full-stacktrace>
          </exception> <!-- org.testng.TestNGException -->
          <reporter-output>
          </reporter-output>
        </test-method> <!-- beforeTest -->
        <test-method status="SKIP" signature="verifyLogin(java.lang.String, java.lang.String)[pri:0, instance:dec5.Usingdatadriver_webdriver@2b98378d]" name="verifyLogin" duration-ms="16" started-at="2019-12-06T17:50:17Z" data-provider="supplyData" finished-at="2019-12-06T17:50:17Z">
          <params>
            <param index="0">
              <value>
                <![CDATA[Admin]]>
              </value>
            </param>
            <param index="1">
              <value>
                <![CDATA[Qedge123!@#]]>
              </value>
            </param>
          </params>
          <reporter-output>
          </reporter-output>
        </test-method> <!-- verifyLogin -->
        <test-method status="SKIP" signature="verifyLogin(java.lang.String, java.lang.String)[pri:0, instance:dec5.Usingdatadriver_webdriver@2b98378d]" name="verifyLogin" duration-ms="8" started-at="2019-12-06T17:50:17Z" data-provider="supplyData" finished-at="2019-12-06T17:50:17Z">
          <params>
            <param index="0">
              <value>
                <![CDATA[test]]>
              </value>
            </param>
            <param index="1">
              <value>
                <![CDATA[admin]]>
              </value>
            </param>
          </params>
          <reporter-output>
          </reporter-output>
        </test-method> <!-- verifyLogin -->
        <test-method status="SKIP" signature="verifyLogin(java.lang.String, java.lang.String)[pri:0, instance:dec5.Usingdatadriver_webdriver@2b98378d]" name="verifyLogin" duration-ms="4" started-at="2019-12-06T17:50:17Z" data-provider="supplyData" finished-at="2019-12-06T17:50:17Z">
          <params>
            <param index="0">
              <value>
                <![CDATA[test]]>
              </value>
            </param>
            <param index="1">
              <value>
                <![CDATA[test]]>
              </value>
            </param>
          </params>
          <reporter-output>
          </reporter-output>
        </test-method> <!-- verifyLogin -->
        <test-method status="SKIP" signature="verifyLogin(java.lang.String, java.lang.String)[pri:0, instance:dec5.Usingdatadriver_webdriver@2b98378d]" name="verifyLogin" duration-ms="5" started-at="2019-12-06T17:50:17Z" data-provider="supplyData" finished-at="2019-12-06T17:50:17Z">
          <params>
            <param index="0">
              <value>
                <![CDATA[test]]>
              </value>
            </param>
            <param index="1">
              <value>
                <![CDATA[test]]>
              </value>
            </param>
          </params>
          <reporter-output>
          </reporter-output>
        </test-method> <!-- verifyLogin -->
        <test-method status="SKIP" signature="afterTest()[pri:0, instance:dec5.Usingdatadriver_webdriver@2b98378d]" name="afterTest" is-config="true" duration-ms="0" started-at="2019-12-06T17:50:17Z" finished-at="2019-12-06T17:50:17Z">
          <reporter-output>
          </reporter-output>
        </test-method> <!-- afterTest -->
      </class> <!-- dec5.Usingdatadriver_webdriver -->
    </test> <!-- Default test -->
  </suite> <!-- Default suite -->
</testng-results>
